[35m[Appium][39m Welcome to Appium v1.22.3
[35m[Appium][39m Non-default server args:
[35m[Appium][39m   port: 52884
[35m[Appium][39m   loglevel: info
[35m[Appium][39m   tmpDir: C:\Users\admin\AppData\Local\Temp\\Katalon\Appium\Temp1678930014143
[35m[Appium][39m   chromedriverPort: 52885
[35m[Appium][39m Deprecated server args:
[35m[Appium][39m   [31m--chromedriver-port[39m => --default-capabilities
[35m[Appium][39m Default capabilities, which will be added to each request unless overridden by desired capabilities:
[35m[Appium][39m   chromedriverPort: 52885
[35m[Appium][39m Appium REST http interface listener started on 0.0.0.0:52884
[35m[HTTP][39m [37m-->[39m [37mGET[39m [37m/wd/hub/status[39m
[35m[HTTP][39m [90m{}[39m
[35m[HTTP][39m [37m<-- GET /wd/hub/status [39m[32m200[39m [90m5 ms - 68[39m
[35m[HTTP][39m [90m[39m
[35m[HTTP][39m [37m-->[39m [37mGET[39m [37m/wd/hub/status[39m
[35m[HTTP][39m [90m{}[39m
[35m[HTTP][39m [37m<-- GET /wd/hub/status [39m[32m200[39m [90m1 ms - 68[39m
[35m[HTTP][39m [90m[39m
[35m[HTTP][39m [37m-->[39m [37mPOST[39m [37m/wd/hub/session[39m
[35m[HTTP][39m [90m{"desiredCapabilities":{"app":"C:\\Users\\admin\\Downloads\\app-release (1).apk","noReset":true,"deviceName":"emulator-5554 (Android SDK built for x86 - Android 10)","fullReset":false,"platform":"ANDROID","newCommandTimeout":1800,"platformVersion":"10","automationName":"uiautomator2","autoGrantPermissions":true,"platformName":"Android","udid":"emulator-5554","systemPort":52892},"capabilities":{"firstMatch":[{"appium:app":"C:\\Users\\admin\\Downloads\\app-release (1).apk","appium:autoGrantPermissions":true,"appium:automationName":"uiautomator2","appium:deviceName":"emulator-5554 (Android SDK built for x86 - Android 10)","appium:fullReset":false,"appium:newCommandTimeout":1800,"appium:noReset":true,"platform":"ANDROID","platformName":"android","appium:platformVersion":"10","appium:systemPort":52892,"appium:udid":"emulator-5554"}]}}[39m
[35m[BaseDriver][39m The following capabilities are not standard capabilities and should have an extension prefix:
[35m[BaseDriver][39m   platform
[35m[BaseDriver][39m   chromedriverPort
[35m[Appium][39m Appium v1.22.3 creating new AndroidUiautomator2Driver (v1.70.1) session
[35m[BaseDriver][39m The following capabilities were provided, but are not recognized by Appium:
[35m[BaseDriver][39m   platform
[35m[BaseDriver][39m Session created with session id: 5fe698f6-3ff6-46cc-a3f2-882a39da443a
[35m[BaseDriver][39m Using local app 'C:\Users\admin\Downloads\app-release (1).apk'
[35m[ADB][39m Found 2 'build-tools' folders under 'C:\Users\admin\AppData\Local\Android\Sdk' (newest first):
[35m[ADB][39m     C:/Users/admin/AppData/Local/Android/Sdk/build-tools/33.0.0
[35m[ADB][39m     C:/Users/admin/AppData/Local/Android/Sdk/build-tools/30.0.3
[35m[ADB][39m Using 'adb.exe' from 'C:\Users\admin\AppData\Local\Android\Sdk\platform-tools\adb.exe'
[35m[AndroidDriver][39m Retrieving device list
[35m[AndroidDriver][39m Using device: emulator-5554
[35m[ADB][39m Using 'adb.exe' from 'C:\Users\admin\AppData\Local\Android\Sdk\platform-tools\adb.exe'
[35m[ADB][39m Getting device platform version
[35m[UiAutomator2][39m Relaxing hidden api policy
[35m[ADB][39m Package name: 'com.ezparking'
[35m[ADB][39m Main activity name: 'com.ezparking.MainActivity'
[35m[ADB][39m Using 'apksigner.jar' from 'C:\Users\admin\AppData\Local\Android\Sdk\build-tools\33.0.0\lib\apksigner.jar'
[35m[ADB][39m 'C:\Users\admin\AppData\Roaming\npm\node_modules\appium\node_modules\appium-uiautomator2-server\apks\appium-uiautomator2-server-v4.27.0.apk' is signed with the default certificate
[35m[ADB][39m 'C:\Users\admin\AppData\Roaming\npm\node_modules\appium\node_modules\appium-uiautomator2-server\apks\appium-uiautomator2-server-debug-androidTest.apk' is signed with the default certificate
[35m[UiAutomator2][39m Server packages are not going to be (re)installed
[35m[ADB][39m Adding packages ["io.appium.settings","io.appium.uiautomator2.server","io.appium.uiautomator2.server.test"] to Doze whitelist
[35m[ADB][39m 'C:\Users\admin\Downloads\app-release (1).apk' is signed with a non-default certificate
[35m[ADB][39m The application at 'C:\Users\admin\Downloads\app-release (1).apk' will not be cached, because the device under test has confirmed the support of streamed installs
[35m[ADB][39m The installation of 'app-release (1).apk' took 12740ms
[35m[UiAutomator2][39m Starting UIAutomator2 server 4.27.0
[35m[UiAutomator2][39m Using UIAutomator2 server from 'C:\Users\admin\AppData\Roaming\npm\node_modules\appium\node_modules\appium-uiautomator2-server\apks\appium-uiautomator2-server-v4.27.0.apk' and test from 'C:\Users\admin\AppData\Roaming\npm\node_modules\appium\node_modules\appium-uiautomator2-server\apks\appium-uiautomator2-server-debug-androidTest.apk'
[35m[UiAutomator2][39m Waiting up to 30000ms for UiAutomator2 to be online...
[35m[WD Proxy][39m socket hang up
[35m[WD Proxy][39m socket hang up
[35m[WD Proxy][39m socket hang up
[35m[WD Proxy][39m socket hang up
[35m[WD Proxy][39m Determined the downstream protocol as 'W3C'
[35m[AndroidDriver][39m Screen already unlocked, doing nothing
[35m[UiAutomator2][39m Starting 'com.ezparking/com.ezparking.MainActivity and waiting for 'com.ezparking/com.ezparking.MainActivity'
[35m[Appium][39m New AndroidUiautomator2Driver session created successfully, session 5fe698f6-3ff6-46cc-a3f2-882a39da443a added to master session list
[35m[HTTP][39m [37m<-- POST /wd/hub/session [39m[32m200[39m [90m26854 ms - 1293[39m
[35m[HTTP][39m [90m[39m
[35m[HTTP][39m [37m-->[39m [37mGET[39m [37m/wd/hub/session/5fe698f6-3ff6-46cc-a3f2-882a39da443a[39m
[35m[HTTP][39m [90m{}[39m
[35m[HTTP][39m [37m<-- GET /wd/hub/session/5fe698f6-3ff6-46cc-a3f2-882a39da443a [39m[32m200[39m [90m27 ms - 1247[39m
[35m[HTTP][39m [90m[39m
[35m[HTTP][39m [37m-->[39m [37mGET[39m [37m/wd/hub/session/5fe698f6-3ff6-46cc-a3f2-882a39da443a[39m
[35m[HTTP][39m [90m{}[39m
[35m[HTTP][39m [37m<-- GET /wd/hub/session/5fe698f6-3ff6-46cc-a3f2-882a39da443a [39m[32m200[39m [90m43 ms - 1247[39m
[35m[HTTP][39m [90m[39m
[35m[HTTP][39m [37m-->[39m [37mGET[39m [37m/wd/hub/status[39m
[35m[HTTP][39m [90m{}[39m
[35m[HTTP][39m [37m<-- GET /wd/hub/status [39m[32m200[39m [90m1 ms - 68[39m
[35m[HTTP][39m [90m[39m
[35m[HTTP][39m [37m-->[39m [37mPOST[39m [37m/wd/hub/session/5fe698f6-3ff6-46cc-a3f2-882a39da443a/timeouts[39m
[35m[HTTP][39m [90m{"implicit":60000}[39m
[35m[HTTP][39m [37m<-- POST /wd/hub/session/5fe698f6-3ff6-46cc-a3f2-882a39da443a/timeouts [39m[32m200[39m [90m5 ms - 14[39m
[35m[HTTP][39m [90m[39m
[35m[HTTP][39m [37m-->[39m [37mGET[39m [37m/wd/hub/session/5fe698f6-3ff6-46cc-a3f2-882a39da443a/source[39m
[35m[HTTP][39m [90m{}[39m
[35m[W3C (5fe698f6)][39m Driver proxy active, passing request on via HTTP proxy
[35m[WD Proxy][39m Replacing sessionId 50c174ea-fd31-4d7b-9664-13c9fdba683a with 5fe698f6-3ff6-46cc-a3f2-882a39da443a
[35m[HTTP][39m [37m<-- GET /wd/hub/session/5fe698f6-3ff6-46cc-a3f2-882a39da443a/source [39m[32m200[39m [90m197 ms - 2257[39m
[35m[HTTP][39m [90m[39m
[35m[HTTP][39m [37m-->[39m [37mGET[39m [37m/wd/hub/session/5fe698f6-3ff6-46cc-a3f2-882a39da443a/screenshot[39m
[35m[HTTP][39m [90m{}[39m
[35m[HTTP][39m [37m<-- GET /wd/hub/session/5fe698f6-3ff6-46cc-a3f2-882a39da443a/screenshot [39m[32m200[39m [90m780 ms - 214172[39m
[35m[HTTP][39m [90m[39m
[35m[HTTP][39m [37m-->[39m [37mGET[39m [37m/wd/hub/session/5fe698f6-3ff6-46cc-a3f2-882a39da443a/source[39m
[35m[HTTP][39m [90m{}[39m
[35m[W3C (5fe698f6)][39m Driver proxy active, passing request on via HTTP proxy
[35m[WD Proxy][39m Replacing sessionId 50c174ea-fd31-4d7b-9664-13c9fdba683a with 5fe698f6-3ff6-46cc-a3f2-882a39da443a
[35m[HTTP][39m [37m<-- GET /wd/hub/session/5fe698f6-3ff6-46cc-a3f2-882a39da443a/source [39m[32m200[39m [90m544 ms - 20201[39m
[35m[HTTP][39m [90m[39m
[35m[HTTP][39m [37m-->[39m [37mGET[39m [37m/wd/hub/session/5fe698f6-3ff6-46cc-a3f2-882a39da443a/screenshot[39m
[35m[HTTP][39m [90m{}[39m
[35m[HTTP][39m [37m<-- GET /wd/hub/session/5fe698f6-3ff6-46cc-a3f2-882a39da443a/screenshot [39m[32m200[39m [90m647 ms - 199640[39m
[35m[HTTP][39m [90m[39m
[35m[HTTP][39m [37m-->[39m [37mPOST[39m [37m/wd/hub/session/5fe698f6-3ff6-46cc-a3f2-882a39da443a/elements[39m
[35m[HTTP][39m [90m{"using":"xpath","value":"//*[@class = 'android.widget.EditText' and (@text = 'Email' or . = 'Email')]"}[39m
[35m[HTTP][39m [37m<-- POST /wd/hub/session/5fe698f6-3ff6-46cc-a3f2-882a39da443a/elements [39m[32m200[39m [90m1679 ms - 139[39m
[35m[HTTP][39m [90m[39m
[35m[HTTP][39m [37m-->[39m [37mGET[39m [37m/wd/hub/session/5fe698f6-3ff6-46cc-a3f2-882a39da443a/window/rect[39m
[35m[HTTP][39m [90m{}[39m
[35m[HTTP][39m [37m<-- GET /wd/hub/session/5fe698f6-3ff6-46cc-a3f2-882a39da443a/window/rect [39m[32m200[39m [90m41 ms - 50[39m
[35m[HTTP][39m [90m[39m
[35m[HTTP][39m [37m-->[39m [37mPOST[39m [37m/wd/hub/session/5fe698f6-3ff6-46cc-a3f2-882a39da443a/elements[39m
[35m[HTTP][39m [90m{"using":"xpath","value":"//*[@class = 'android.widget.EditText' and (@text = 'Email' or . = 'Email')]"}[39m
[35m[HTTP][39m [37m<-- POST /wd/hub/session/5fe698f6-3ff6-46cc-a3f2-882a39da443a/elements [39m[32m200[39m [90m366 ms - 139[39m
[35m[HTTP][39m [90m[39m
[35m[HTTP][39m [37m-->[39m [37mGET[39m [37m/wd/hub/session/5fe698f6-3ff6-46cc-a3f2-882a39da443a/element/00000000-0000-0059-ffff-ffff00000031/location[39m
[35m[HTTP][39m [90m{}[39m
[35m[W3C (5fe698f6)][39m Driver proxy active, passing request on via HTTP proxy
[35m[WD Proxy][39m Replacing sessionId 50c174ea-fd31-4d7b-9664-13c9fdba683a with 5fe698f6-3ff6-46cc-a3f2-882a39da443a
[35m[HTTP][39m [37m<-- GET /wd/hub/session/5fe698f6-3ff6-46cc-a3f2-882a39da443a/element/00000000-0000-0059-ffff-ffff00000031/location [39m[32m200[39m [90m33 ms - 77[39m
[35m[HTTP][39m [90m[39m
[35m[HTTP][39m [37m-->[39m [37mPOST[39m [37m/wd/hub/session/5fe698f6-3ff6-46cc-a3f2-882a39da443a/element/00000000-0000-0059-ffff-ffff00000031/clear[39m
[35m[HTTP][39m [90m{"id":"00000000-0000-0059-ffff-ffff00000031"}[39m
[35m[HTTP][39m [37m<-- POST /wd/hub/session/5fe698f6-3ff6-46cc-a3f2-882a39da443a/element/00000000-0000-0059-ffff-ffff00000031/clear [39m[32m200[39m [90m44 ms - 14[39m
[35m[HTTP][39m [90m[39m
[35m[HTTP][39m [37m-->[39m [37mPOST[39m [37m/wd/hub/session/5fe698f6-3ff6-46cc-a3f2-882a39da443a/element/00000000-0000-0059-ffff-ffff00000031/value[39m
[35m[HTTP][39m [90m{"id":"00000000-0000-0059-ffff-ffff00000031","text":"bertha.brakus@example.com","value":["b","e","r","t","h","a",".","b","r","a","k","u","s","@","e","x","a","m","p","l","e",".","c","o","m"]}[39m
[35m[HTTP][39m [37m<-- POST /wd/hub/session/5fe698f6-3ff6-46cc-a3f2-882a39da443a/element/00000000-0000-0059-ffff-ffff00000031/value [39m[32m200[39m [90m1101 ms - 14[39m
[35m[HTTP][39m [90m[39m
[35m[HTTP][39m [37m-->[39m [37mGET[39m [37m/wd/hub/session/5fe698f6-3ff6-46cc-a3f2-882a39da443a/source[39m
[35m[HTTP][39m [90m{}[39m
[35m[W3C (5fe698f6)][39m Driver proxy active, passing request on via HTTP proxy
[35m[WD Proxy][39m Replacing sessionId 50c174ea-fd31-4d7b-9664-13c9fdba683a with 5fe698f6-3ff6-46cc-a3f2-882a39da443a
[35m[HTTP][39m [37m<-- GET /wd/hub/session/5fe698f6-3ff6-46cc-a3f2-882a39da443a/source [39m[32m200[39m [90m367 ms - 20221[39m
[35m[HTTP][39m [90m[39m
[35m[HTTP][39m [37m-->[39m [37mGET[39m [37m/wd/hub/session/5fe698f6-3ff6-46cc-a3f2-882a39da443a/screenshot[39m
[35m[HTTP][39m [90m{}[39m
[35m[HTTP][39m [37m<-- GET /wd/hub/session/5fe698f6-3ff6-46cc-a3f2-882a39da443a/screenshot [39m[32m200[39m [90m647 ms - 213240[39m
[35m[HTTP][39m [90m[39m
[35m[HTTP][39m [37m-->[39m [37mPOST[39m [37m/wd/hub/session/5fe698f6-3ff6-46cc-a3f2-882a39da443a/elements[39m
[35m[HTTP][39m [90m{"using":"xpath","value":"//*[@class = 'android.widget.EditText' and (@text = 'Password' or . = 'Password')]"}[39m
[35m[HTTP][39m [37m<-- POST /wd/hub/session/5fe698f6-3ff6-46cc-a3f2-882a39da443a/elements [39m[32m200[39m [90m245 ms - 139[39m
[35m[HTTP][39m [90m[39m
[35m[HTTP][39m [37m-->[39m [37mGET[39m [37m/wd/hub/session/5fe698f6-3ff6-46cc-a3f2-882a39da443a/window/rect[39m
[35m[HTTP][39m [90m{}[39m
[35m[HTTP][39m [37m<-- GET /wd/hub/session/5fe698f6-3ff6-46cc-a3f2-882a39da443a/window/rect [39m[32m200[39m [90m33 ms - 50[39m
[35m[HTTP][39m [90m[39m
[35m[HTTP][39m [37m-->[39m [37mPOST[39m [37m/wd/hub/session/5fe698f6-3ff6-46cc-a3f2-882a39da443a/elements[39m
[35m[HTTP][39m [90m{"using":"xpath","value":"//*[@class = 'android.widget.EditText' and (@text = 'Password' or . = 'Password')]"}[39m
[35m[HTTP][39m [37m<-- POST /wd/hub/session/5fe698f6-3ff6-46cc-a3f2-882a39da443a/elements [39m[32m200[39m [90m256 ms - 139[39m
[35m[HTTP][39m [90m[39m
[35m[HTTP][39m [37m-->[39m [37mGET[39m [37m/wd/hub/session/5fe698f6-3ff6-46cc-a3f2-882a39da443a/element/00000000-0000-0059-ffff-ffff00000036/location[39m
[35m[HTTP][39m [90m{}[39m
[35m[W3C (5fe698f6)][39m Driver proxy active, passing request on via HTTP proxy
[35m[WD Proxy][39m Replacing sessionId 50c174ea-fd31-4d7b-9664-13c9fdba683a with 5fe698f6-3ff6-46cc-a3f2-882a39da443a
[35m[HTTP][39m [37m<-- GET /wd/hub/session/5fe698f6-3ff6-46cc-a3f2-882a39da443a/element/00000000-0000-0059-ffff-ffff00000036/location [39m[32m200[39m [90m37 ms - 77[39m
[35m[HTTP][39m [90m[39m
[35m[HTTP][39m [37m-->[39m [37mPOST[39m [37m/wd/hub/session/5fe698f6-3ff6-46cc-a3f2-882a39da443a/element/00000000-0000-0059-ffff-ffff00000036/clear[39m
[35m[HTTP][39m [90m{"id":"00000000-0000-0059-ffff-ffff00000036"}[39m
[35m[HTTP][39m [37m<-- POST /wd/hub/session/5fe698f6-3ff6-46cc-a3f2-882a39da443a/element/00000000-0000-0059-ffff-ffff00000036/clear [39m[32m200[39m [90m42 ms - 14[39m
[35m[HTTP][39m [90m[39m
[35m[HTTP][39m [37m-->[39m [37mPOST[39m [37m/wd/hub/session/5fe698f6-3ff6-46cc-a3f2-882a39da443a/element/00000000-0000-0059-ffff-ffff00000036/value[39m
[35m[HTTP][39m [90m{"id":"00000000-0000-0059-ffff-ffff00000036","text":"12345678","value":["1","2","3","4","5","6","7","8"]}[39m
[35m[HTTP][39m [37m<-- POST /wd/hub/session/5fe698f6-3ff6-46cc-a3f2-882a39da443a/element/00000000-0000-0059-ffff-ffff00000036/value [39m[32m200[39m [90m1045 ms - 14[39m
[35m[HTTP][39m [90m[39m
[35m[HTTP][39m [37m-->[39m [37mGET[39m [37m/wd/hub/session/5fe698f6-3ff6-46cc-a3f2-882a39da443a/source[39m
[35m[HTTP][39m [90m{}[39m
[35m[W3C (5fe698f6)][39m Driver proxy active, passing request on via HTTP proxy
[35m[WD Proxy][39m Replacing sessionId 50c174ea-fd31-4d7b-9664-13c9fdba683a with 5fe698f6-3ff6-46cc-a3f2-882a39da443a
[35m[HTTP][39m [37m<-- GET /wd/hub/session/5fe698f6-3ff6-46cc-a3f2-882a39da443a/source [39m[32m200[39m [90m285 ms - 20237[39m
[35m[HTTP][39m [90m[39m
[35m[HTTP][39m [37m-->[39m [37mGET[39m [37m/wd/hub/session/5fe698f6-3ff6-46cc-a3f2-882a39da443a/screenshot[39m
[35m[HTTP][39m [90m{}[39m
[35m[HTTP][39m [37m<-- GET /wd/hub/session/5fe698f6-3ff6-46cc-a3f2-882a39da443a/screenshot [39m[32m200[39m [90m761 ms - 214734[39m
[35m[HTTP][39m [90m[39m
[35m[HTTP][39m [37m-->[39m [37mPOST[39m [37m/wd/hub/session/5fe698f6-3ff6-46cc-a3f2-882a39da443a/elements[39m
[35m[HTTP][39m [90m{"using":"xpath","value":"//*[@class = 'android.view.ViewGroup' and (@text = '' or . = '')]"}[39m
[35m[HTTP][39m [37m<-- POST /wd/hub/session/5fe698f6-3ff6-46cc-a3f2-882a39da443a/elements [39m[32m200[39m [90m285 ms - 3723[39m
[35m[HTTP][39m [90m[39m
[35m[HTTP][39m [37m-->[39m [37mPOST[39m [37m/wd/hub/session/5fe698f6-3ff6-46cc-a3f2-882a39da443a/elements[39m
[35m[HTTP][39m [90m{"using":"-android uiautomator","value":"new UiSelector().className(\"android.view.ViewGroup\")"}[39m
[35m[HTTP][39m [37m<-- POST /wd/hub/session/5fe698f6-3ff6-46cc-a3f2-882a39da443a/elements [39m[32m200[39m [90m948 ms - 3723[39m
[35m[HTTP][39m [90m[39m
[35m[HTTP][39m [37m-->[39m [37mGET[39m [37m/wd/hub/session/5fe698f6-3ff6-46cc-a3f2-882a39da443a/window/rect[39m
[35m[HTTP][39m [90m{}[39m
[35m[HTTP][39m [37m<-- GET /wd/hub/session/5fe698f6-3ff6-46cc-a3f2-882a39da443a/window/rect [39m[32m200[39m [90m28 ms - 50[39m
[35m[HTTP][39m [90m[39m
[35m[HTTP][39m [37m-->[39m [37mPOST[39m [37m/wd/hub/session/5fe698f6-3ff6-46cc-a3f2-882a39da443a/elements[39m
[35m[HTTP][39m [90m{"using":"xpath","value":"//hierarchy/android.widget.FrameLayout[1]/android.widget.LinearLayout[1]/android.widget.FrameLayout[1]/android.widget.LinearLayout[1]/android.widget.FrameLayout[1]/android.widget.FrameLayout[1]/android.view.ViewGroup[1]/android.view.ViewGroup[1]/android.view.ViewGroup[1]/android.view.ViewGroup[1]/android.view.ViewGroup[1]/android.view.ViewGroup[1]/android.view.ViewGroup[1]/android.view.ViewGroup[1]/android.view.ViewGroup[1]/android.view.ViewGroup[1]/android.view.ViewGroup[1]/android.view.ViewGroup[1]/android.view.ViewGroup[1]/android.view.ViewGroup[1]/android.view.ViewGroup[1]/android.view.ViewGroup[3]/android.view.ViewGroup[1]"}[39m
[35m[HTTP][39m [37m<-- POST /wd/hub/session/5fe698f6-3ff6-46cc-a3f2-882a39da443a/elements [39m[32m200[39m [90m138 ms - 139[39m
[35m[HTTP][39m [90m[39m
[35m[HTTP][39m [37m-->[39m [37mGET[39m [37m/wd/hub/session/5fe698f6-3ff6-46cc-a3f2-882a39da443a/element/00000000-0000-0059-ffff-ffff0000003c/location[39m
[35m[HTTP][39m [90m{}[39m
[35m[W3C (5fe698f6)][39m Driver proxy active, passing request on via HTTP proxy
[35m[WD Proxy][39m Replacing sessionId 50c174ea-fd31-4d7b-9664-13c9fdba683a with 5fe698f6-3ff6-46cc-a3f2-882a39da443a
[35m[HTTP][39m [37m<-- GET /wd/hub/session/5fe698f6-3ff6-46cc-a3f2-882a39da443a/element/00000000-0000-0059-ffff-ffff0000003c/location [39m[32m200[39m [90m34 ms - 79[39m
[35m[HTTP][39m [90m[39m
[35m[HTTP][39m [37m-->[39m [37mPOST[39m [37m/wd/hub/session/5fe698f6-3ff6-46cc-a3f2-882a39da443a/element/00000000-0000-0059-ffff-ffff0000003c/click[39m
[35m[HTTP][39m [90m{"id":"00000000-0000-0059-ffff-ffff0000003c"}[39m
[35m[HTTP][39m [37m<-- POST /wd/hub/session/5fe698f6-3ff6-46cc-a3f2-882a39da443a/element/00000000-0000-0059-ffff-ffff0000003c/click [39m[32m200[39m [90m88 ms - 14[39m
[35m[HTTP][39m [90m[39m
[35m[HTTP][39m [37m-->[39m [37mGET[39m [37m/wd/hub/session/5fe698f6-3ff6-46cc-a3f2-882a39da443a/source[39m
[35m[HTTP][39m [90m{}[39m
[35m[W3C (5fe698f6)][39m Driver proxy active, passing request on via HTTP proxy
[35m[WD Proxy][39m Replacing sessionId 50c174ea-fd31-4d7b-9664-13c9fdba683a with 5fe698f6-3ff6-46cc-a3f2-882a39da443a
[35m[HTTP][39m [37m<-- GET /wd/hub/session/5fe698f6-3ff6-46cc-a3f2-882a39da443a/source [39m[32m200[39m [90m419 ms - 4325[39m
[35m[HTTP][39m [90m[39m
[35m[HTTP][39m [37m-->[39m [37mGET[39m [37m/wd/hub/session/5fe698f6-3ff6-46cc-a3f2-882a39da443a/screenshot[39m
[35m[HTTP][39m [90m{}[39m
[35m[HTTP][39m [37m<-- GET /wd/hub/session/5fe698f6-3ff6-46cc-a3f2-882a39da443a/screenshot [39m[32m200[39m [90m1329 ms - 202674[39m
[35m[HTTP][39m [90m[39m
[35m[BaseDriver][39m Shutting down because we waited 1800 seconds for a command
[35m[Appium][39m Closing session, cause was 'New Command Timeout of 1800 seconds expired. Try customizing the timeout using the 'newCommandTimeout' desired capability'
[35m[Appium][39m Removing session '5fe698f6-3ff6-46cc-a3f2-882a39da443a' from our master session list
[35m[UiAutomator2][39m Did not get confirmation UiAutomator2 deleteSession worked; Error was: UnknownError: An unknown server-side error occurred while processing the command. Original error: 'DELETE /' cannot be proxied to UiAutomator2 server because the instrumentation process is not running (probably crashed). Check the server log and/or the logcat output for more details
[35m[UiAutomator2][39m Unable to remove system port forward: Error executing adbExec. Original error: 'Command 'C:\\Users\\admin\\AppData\\Local\\Android\\Sdk\\platform-tools\\adb.exe -P 5037 -s emulator-5554 forward --remove tcp\:52892' exited with code 1'; Command output: adb.exe: error: listener 'tcp:52892' not found
[35m[UiAutomator2][39m 
[35m[UiAutomator2][39m Restoring hidden api policy to the device default configuration
